#
# There is insufficient memory for the Java Runtime Environment to continue.
# Native memory allocation (mmap) failed to map 1073741824 bytes for Failed to commit area from 0x0000000401400000 to 0x0000000441400000 of length 1073741824.
# Possible reasons:
#   The system is out of physical RAM or swap space
#   The process is running with CompressedOops enabled, and the Java Heap may be blocking the growth of the native heap
# Possible solutions:
#   Reduce memory load on the system
#   Increase physical memory or swap space
#   Check if swap backing store is full
#   Decrease Java heap size (-Xmx/-Xms)
#   Decrease number of Java threads
#   Decrease Java thread stack sizes (-Xss)
#   Set larger code cache with -XX:ReservedCodeCacheSize=
# This output file may be truncated or incomplete.
#
#  Out of Memory Error (./open/src/hotspot/os/windows/os_windows.cpp:3283), pid=37936, tid=8884
#
# JRE version:  (11.0.17+10) (build )
# Java VM: Java HotSpot(TM) 64-Bit Server VM (11.0.17+10-LTS-269, mixed mode, sharing, tiered, compressed oops, g1 gc, windows-amd64)
# No core dump will be written. Minidumps are not enabled by default on client versions of Windows
#

---------------  S U M M A R Y ------------

Command Line: -XX:TieredStopAtLevel=1 -Xverify:none -Dspring.output.ansi.enabled=always -Dcom.sun.management.jmxremote -Dspring.jmx.enabled=true -Dspring.liveBeansView.mbeanDomain -Dspring.application.admin.enabled=true -Dmanagement.endpoints.jmx.exposure.include=* -javaagent:E:\Program Files\JetBrains\IntelliJ IDEA 2022.3.1\lib\idea_rt.jar=3873:E:\Program Files\JetBrains\IntelliJ IDEA 2022.3.1\bin -Dfile.encoding=UTF-8 com.shop.shop.ShopApplication

Host: Intel(R) Core(TM) i7-7700HQ CPU @ 2.80GHz, 8 cores, 63G,  Windows 10 , 64 bit Build 19041 (10.0.19041.2913)
Time: Sun May  7 17:28:53 2023  Windows 10 , 64 bit Build 19041 (10.0.19041.2913) elapsed time: 0.054599 seconds (0d 0h 0m 0s)

---------------  T H R E A D  ---------------

Current thread (0x0000012f816a4800):  JavaThread "Unknown thread" [_thread_in_vm, id=8884, stack(0x0000000df7c00000,0x0000000df7d00000)]

Stack: [0x0000000df7c00000,0x0000000df7d00000]
Native frames: (J=compiled Java code, j=interpreted, Vv=VM code, C=native code)
V  [jvm.dll+0x62b5da]
V  [jvm.dll+0x7653df]
V  [jvm.dll+0x766a89]
V  [jvm.dll+0x767113]
V  [jvm.dll+0x23dd28]
V  [jvm.dll+0x62896a]
V  [jvm.dll+0x61d625]
V  [jvm.dll+0x2f2d3c]
V  [jvm.dll+0x2f2bc2]
V  [jvm.dll+0x2f78e6]
V  [jvm.dll+0x33a2df]
V  [jvm.dll+0x339d10]
V  [jvm.dll+0x2d0368]
V  [jvm.dll+0x2d14d6]
V  [jvm.dll+0x73f9a7]
V  [jvm.dll+0x74123f]
V  [jvm.dll+0x347039]
V  [jvm.dll+0x725280]
V  [jvm.dll+0x3b5c1f]
V  [jvm.dll+0x3b7d31]
C  [jli.dll+0x5207]
C  [ucrtbase.dll+0x21bb2]
C  [KERNEL32.DLL+0x17614]
C  [ntdll.dll+0x526a1]


---------------  P R O C E S S  ---------------

Threads class SMR info:
_java_thread_list=0x0000012f81588900, length=0, elements={
}

Java Threads: ( => current thread )

Other Threads:
  0x0000012f816b8800 GCTaskThread "GC Thread#0" [stack: 0x0000000df7d00000,0x0000000df7e00000] [id=38652]
  0x0000012fc0038800 ConcurrentGCThread "G1 Main Marker" [stack: 0x0000000df7e00000,0x0000000df7f00000] [id=38268]
  0x0000012f8176e000 ConcurrentGCThread "G1 Conc#0" [stack: 0x0000000df7f00000,0x0000000df8000000] [id=33028]

[error occurred during error reporting (printing all threads), id 0xc0000005, EXCEPTION_ACCESS_VIOLATION (0xc0000005) at pc=0x00007ffe8201f5f7]

VM state:not at safepoint (not fully initialized)

VM Mutex/Monitor currently owned by a thread:  ([mutex/lock_event])
[0x0000012f816a05a0] Heap_lock - owner thread: 0x0000012f816a4800

Heap address: 0x0000000401400000, size: 16364 MB, Compressed Oops mode: Non-zero based: 0x0000000401400000
Narrow klass base: 0x0000000000000000, Narrow klass shift: 0

GC Heap History (0 events):
No events

Deoptimization events (0 events):
No events

Classes redefined (0 events):
No events

Internal exceptions (0 events):
No events

Events (0 events):
No events


Dynamic libraries:
0x00007ff755550000 - 0x00007ff75555f000 	C:\Program Files\Java\jdk-11.0.17\bin\java.exe
0x00007fff0c790000 - 0x00007fff0c988000 	C:\WINDOWS\SYSTEM32\ntdll.dll
0x00007fff0a810000 - 0x00007fff0a8cf000 	C:\WINDOWS\System32\KERNEL32.DLL
0x00007fff0a490000 - 0x00007fff0a786000 	C:\WINDOWS\System32\KERNELBASE.dll
0x00007fff09f50000 - 0x00007fff0a050000 	C:\WINDOWS\System32\ucrtbase.dll
0x00007ffef6db0000 - 0x00007ffef6dc5000 	C:\Program Files\Java\jdk-11.0.17\bin\VCRUNTIME140.dll
0x00007ffef6d90000 - 0x00007ffef6da8000 	C:\Program Files\Java\jdk-11.0.17\bin\jli.dll
0x00007fff0c170000 - 0x00007fff0c21f000 	C:\WINDOWS\System32\ADVAPI32.dll
0x00007fff0c0c0000 - 0x00007fff0c15e000 	C:\WINDOWS\System32\msvcrt.dll
0x00007fff0bcc0000 - 0x00007fff0bd5c000 	C:\WINDOWS\System32\sechost.dll
0x00007fff0bf90000 - 0x00007fff0c0b6000 	C:\WINDOWS\System32\RPCRT4.dll
0x00007fff0b780000 - 0x00007fff0b91d000 	C:\WINDOWS\System32\USER32.dll
0x00007fff0a790000 - 0x00007fff0a7b2000 	C:\WINDOWS\System32\win32u.dll
0x00007fff0b750000 - 0x00007fff0b77c000 	C:\WINDOWS\System32\GDI32.dll
0x00007fff0a370000 - 0x00007fff0a485000 	C:\WINDOWS\System32\gdi32full.dll
0x00007fff0a100000 - 0x00007fff0a19d000 	C:\WINDOWS\System32\msvcp_win.dll
0x00007ffef7010000 - 0x00007ffef72aa000 	C:\WINDOWS\WinSxS\amd64_microsoft.windows.common-controls_6595b64144ccf1df_6.0.19041.1110_none_60b5254171f9507e\COMCTL32.dll
0x00007fff015d0000 - 0x00007fff015da000 	C:\WINDOWS\SYSTEM32\VERSION.dll
0x00007fff0bc90000 - 0x00007fff0bcc0000 	C:\WINDOWS\System32\IMM32.DLL
0x00007ffec47b0000 - 0x00007ffec484b000 	C:\Program Files\Java\jdk-11.0.17\bin\msvcp140.dll
0x00007ffe81d40000 - 0x00007ffe8285a000 	C:\Program Files\Java\jdk-11.0.17\bin\server\jvm.dll
0x00007fff0c160000 - 0x00007fff0c168000 	C:\WINDOWS\System32\PSAPI.DLL
0x00007ffef9ac0000 - 0x00007ffef9ae7000 	C:\WINDOWS\SYSTEM32\WINMM.dll
0x00007ffeea250000 - 0x00007ffeea259000 	C:\WINDOWS\SYSTEM32\WSOCK32.dll
0x00007fff0bf20000 - 0x00007fff0bf8b000 	C:\WINDOWS\System32\WS2_32.dll
0x00007fff07cf0000 - 0x00007fff07d02000 	C:\WINDOWS\SYSTEM32\kernel.appcore.dll
0x00007fff03fe0000 - 0x00007fff03ff0000 	C:\Program Files\Java\jdk-11.0.17\bin\verify.dll
0x00007ffef6360000 - 0x00007ffef6544000 	C:\WINDOWS\SYSTEM32\DBGHELP.DLL
0x00007ffef6320000 - 0x00007ffef6354000 	C:\WINDOWS\SYSTEM32\dbgcore.DLL
0x00007fff09e70000 - 0x00007fff09ef2000 	C:\WINDOWS\System32\bcryptPrimitives.dll
0x00007ffef6d30000 - 0x00007ffef6d58000 	C:\Program Files\Java\jdk-11.0.17\bin\java.dll
0x00007ffef8f40000 - 0x00007ffef8f4a000 	C:\Program Files\Java\jdk-11.0.17\bin\jimage.dll
0x00007fff03fb0000 - 0x00007fff03fbe000 	C:\Program Files\Java\jdk-11.0.17\bin\instrument.dll
0x00007ffef5020000 - 0x00007ffef5036000 	C:\Program Files\Java\jdk-11.0.17\bin\zip.dll

dbghelp: loaded successfully - version: 4.0.5 - missing functions: none
symbol engine: initialized successfully - sym options: 0x614 - pdb path: .;C:\Program Files\Java\jdk-11.0.17\bin;C:\WINDOWS\SYSTEM32;C:\WINDOWS\WinSxS\amd64_microsoft.windows.common-controls_6595b64144ccf1df_6.0.19041.1110_none_60b5254171f9507e;C:\Program Files\Java\jdk-11.0.17\bin\server

VM Arguments:
jvm_args: -XX:TieredStopAtLevel=1 -Xverify:none -Dspring.output.ansi.enabled=always -Dcom.sun.management.jmxremote -Dspring.jmx.enabled=true -Dspring.liveBeansView.mbeanDomain -Dspring.application.admin.enabled=true -Dmanagement.endpoints.jmx.exposure.include=* -javaagent:E:\Program Files\JetBrains\IntelliJ IDEA 2022.3.1\lib\idea_rt.jar=3873:E:\Program Files\JetBrains\IntelliJ IDEA 2022.3.1\bin -Dfile.encoding=UTF-8 
java_command: com.shop.shop.ShopApplication
java_class_path (initial): E:\0x000 workspace_dikiportal_1.8\shop\out\production\classes;E:\0x000 workspace_dikiportal_1.8\shop\out\production\resources;C:\Users\danny\.gradle\caches\modules-2\files-2.1\org.projectlombok\lombok\1.18.26\8f8cf0372abf564913e9796623aac4c8ea44025a\lombok-1.18.26.jar;C:\Users\danny\.gradle\caches\modules-2\files-2.1\com.querydsl\querydsl-collections\5.0.0\ddfdeb00c93ccb72aee097d77ffe81d29523eebe\querydsl-collections-5.0.0.jar;C:\Users\danny\.gradle\caches\modules-2\files-2.1\com.querydsl\querydsl-apt\5.0.0\fa5554c395bdcbe9846242824857a82874ad3223\querydsl-apt-5.0.0.jar;C:\Users\danny\.gradle\caches\modules-2\files-2.1\com.querydsl\querydsl-apt\5.0.0\3c212d03cc42b5297f62bd22e37b737812245085\querydsl-apt-5.0.0-jpa.jar;C:\Users\danny\.gradle\caches\modules-2\files-2.1\org.springframework.boot\spring-boot-starter-web\2.7.10\aff75a41f298e83ad9542d8f26b12bbe8e105c35\spring-boot-starter-web-2.7.10.jar;C:\Users\danny\.gradle\caches\modules-2\files-2.1\org.springframework.boot\spring-boot-starter-security\2.7.10\ddac298c54e476d4144639d238a70610fbbfa4e7\spring-boot-starter-security-2.7.10.jar;C:\Users\danny\.gradle\caches\modules-2\files-2.1\org.springframework.boot\spring-boot-starter-thymeleaf\2.7.10\9e89540a3cc362ddd6b1dd5240b79b1c4de63da4\spring-boot-starter-thymeleaf-2.7.10.jar;C:\Users\danny\.gradle\caches\modules-2\files-2.1\org.springframework.boot\spring-boot-starter-validation\2.7.10\47fa170ac03f88ed4a540628cfb1f85384cccefd\spring-boot-starter-validation-2.7.10.jar;C:\Users\danny\.gradle\caches\modules-2\files-2.1\org.springframework.boot\spring-boot-starter-data-jpa\2.7.10\cb5e326fa1d1c4dfc276a9620e539a01ddf3d4e\spring-boot-starter-data-jpa-2.7.10.jar;C:\Users\danny\.gradle\caches\modules-2\files-2.1\jakarta.annotation\jakarta.annotation-api\1.3.5\59eb84ee0d616332ff44aba065f3888cf002cd2d\jakarta.annotation-api-1.3.5.jar;C:\Users\danny\.gradle\caches\modules-2\files-2.1\jakarta.persistence\jakarta.persistence-api\2.2.3\8f6ea5daedc614f07
Launcher Type: SUN_STANDARD

[Global flags]
     bool BytecodeVerificationLocal                = false                                     {product} {command line}
     bool BytecodeVerificationRemote               = false                                     {product} {command line}
     intx CICompilerCount                          = 4                                         {product} {ergonomic}
     uint ConcGCThreads                            = 2                                         {product} {ergonomic}
     uint G1ConcRefinementThreads                  = 8                                         {product} {ergonomic}
   size_t G1HeapRegionSize                         = 4194304                                   {product} {ergonomic}
    uintx GCDrainStackTargetSize                   = 64                                        {product} {ergonomic}
   size_t InitialHeapSize                          = 1073741824                                {product} {ergonomic}
     bool ManagementServer                         = true                                      {product} {command line}
   size_t MarkStackSize                            = 4194304                                   {product} {ergonomic}
   size_t MaxHeapSize                              = 17158897664                               {product} {ergonomic}
   size_t MinHeapDeltaBytes                        = 4194304                                   {product} {ergonomic}
    uintx NonNMethodCodeHeapSize                   = 7549744                                {pd product} {ergonomic}
    uintx NonProfiledCodeHeapSize                  = 244108496                              {pd product} {ergonomic}
    uintx ProfiledCodeHeapSize                     = 0                                      {pd product} {ergonomic}
    uintx ReservedCodeCacheSize                    = 251658240                              {pd product} {ergonomic}
     bool SegmentedCodeCache                       = true                                      {product} {ergonomic}
     intx TieredStopAtLevel                        = 1                                         {product} {command line}
     bool UseCompressedClassPointers               = true                                 {lp64_product} {ergonomic}
     bool UseCompressedOops                        = true                                 {lp64_product} {ergonomic}
     bool UseG1GC                                  = true                                      {product} {ergonomic}
     bool UseLargePagesIndividualAllocation        = false                                  {pd product} {ergonomic}

Logging:
Log output configuration:
 #0: stdout all=warning uptime,level,tags
 #1: stderr all=off uptime,level,tags

Environment Variables:
JAVA_HOME=C:\Program Files\Java\jdk-11.0.17
PATH=C:\Program Files\Java\jdk-11.0.17\bin;C:\Program Files\Java\scripts;C:\Program Files\Common Files\Oracle\Java\javapath;C:\Program Files (x86)\Intel\Intel(R) Management Engine Components\iCLS\;C:\Program Files\Intel\Intel(R) Management Engine Components\iCLS\;E:\Program Files\VMware\VMware Workstation\bin\;C:\app\danny\product\18.0.0\dbhomeXE\bin;C:\Program Files (x86)\Windows Resource Kits\Tools\;C:\Program Files (x86)\Common Files\Oracle\Java\javapath;C:\WINDOWS\system32;C:\WINDOWS;C:\WINDOWS\System32\Wbem;C:\WINDOWS\System32\WindowsPowerShell\v1.0\;C:\WINDOWS\System32\OpenSSH\;C:\Program Files\Java\jdk-13.0.1\bin\;C:\Program Files\Microsoft VS Code\bin;E:\Program Files\PuTTY\;E:\Program Files\Gow\bin;C:\Program Files (x86)\Microsoft SQL Server\150\DTS\Binn\;E:\Program Files\Git\cmd;E:\Program Files\xampp\php;C:\ProgramData\ComposerSetup\bin;C:\Users\danny\AppData\Roaming\nvm;E:\Program Files\nodejs;C:\Program Files (x86)\NVIDIA Corporation\PhysX\Common;C:\Program Files\NVIDIA Corporation\NVIDIA NvDLISR;C:\Program Files (x86)\Intel\Intel(R) Management Engine Components\DAL;C:\Program Files\Intel\Intel(R) Management Engine Components\DAL;C:\Program Files\Docker\Docker\resources\bin;C:\ProgramData\DockerDesktop\version-bin;C:\Bitnami\wampstack-7.4.28-0\php;C:\Program Files\nodejs\;C:\Users\danny\AppData\Local\Microsoft\WindowsApps;E:\Program Files\JetBrains\IntelliJ IDEA 2019.3.1\bin;;C:\Users\danny\AppData\Roaming\Composer\vendor\bin;E:\Program Files\Tesseract-OCR;E:\Program Files\Nmap;C:\Program Files\Java\jdk-13.0.1\bin;E:\0x000 workspace_java\apache-maven-3.8.1\bin;C:\Users\danny\AppData\Roaming\nvm;E:\Program Files\nodejs;E:\Program Files\Graphviz 2.44.1\bin;C:\Users\danny\AppData\Local\JetBrains\Toolbox\scripts;C:\Users\danny\AppData\Roaming\npm;C:\Program Files (x86)\ESTsoft\ALSee\x64
USERNAME=danny
OS=Windows_NT
PROCESSOR_IDENTIFIER=Intel64 Family 6 Model 158 Stepping 9, GenuineIntel



---------------  S Y S T E M  ---------------

OS: Windows 10 , 64 bit Build 19041 (10.0.19041.2913)
Hyper-V role detected

CPU:total 8 (initial active 8) (4 cores per cpu, 2 threads per core) family 6 model 158 stepping 9 microcode 0xb4, cmov, cx8, fxsr, mmx, sse, sse2, sse3, ssse3, sse4.1, sse4.2, popcnt, avx, avx2, aes, clmul, erms, 3dnowpref, lzcnt, ht, tsc, tscinvbit, bmi1, bmi2, adx, fma

Memory: 4k page, system-wide physical 65451M (14171M free)
TotalPageFile size 65451M (AvailPageFile size 463M)
current process WorkingSet (physical memory assigned to process): 11M, peak: 11M
current process commit charge ("private bytes"): 58M, peak: 1082M

vm_info: Java HotSpot(TM) 64-Bit Server VM (11.0.17+10-LTS-269) for windows-amd64 JRE (11.0.17+10-LTS-269), built on Sep 13 2022 19:26:37 by "mach5one" with MS VC++ 15.9 (VS2017)

END.
